C:\Users\smistir\source\repos\TestBusiness\AngularApp\dist\out-tsc\src\app\test-item.service.js
C:\Users\smistir\source\repos\TestBusiness\AngularApp\dist\out-tsc\src\app\test-item.service.js.map
C:\Users\smistir\source\repos\TestBusiness\AngularApp\dist\out-tsc\src\app\app.component.js
C:\Users\smistir\source\repos\TestBusiness\AngularApp\dist\out-tsc\src\app\app.component.js.map
C:\Users\smistir\source\repos\TestBusiness\AngularApp\dist\out-tsc\src\app\app.module.js
C:\Users\smistir\source\repos\TestBusiness\AngularApp\dist\out-tsc\src\app\app.module.js.map
C:\Users\smistir\source\repos\TestBusiness\AngularApp\dist\out-tsc\src\environments\environment.js
C:\Users\smistir\source\repos\TestBusiness\AngularApp\dist\out-tsc\src\environments\environment.js.map
C:\Users\smistir\source\repos\TestBusiness\AngularApp\dist\out-tsc\src\main.js
C:\Users\smistir\source\repos\TestBusiness\AngularApp\dist\out-tsc\src\main.js.map
C:\Users\smistir\source\repos\TestBusiness\AngularApp\dist\out-tsc\src\polyfills.js
C:\Users\smistir\source\repos\TestBusiness\AngularApp\dist\out-tsc\src\polyfills.js.map
C:\Users\smistir\source\repos\TestBusiness\AngularApp\dist\out-tsc\src\test.js
C:\Users\smistir\source\repos\TestBusiness\AngularApp\dist\out-tsc\src\test.js.map
C:\Users\smistir\source\repos\TestBusiness\AngularApp\dist\out-tsc\e2e\src\app.po.js
C:\Users\smistir\source\repos\TestBusiness\AngularApp\dist\out-tsc\e2e\src\app.po.js.map
C:\Users\smistir\source\repos\TestBusiness\AngularApp\dist\out-tsc\e2e\src\app.e2e-spec.js
C:\Users\smistir\source\repos\TestBusiness\AngularApp\dist\out-tsc\e2e\src\app.e2e-spec.js.map
C:\Users\smistir\source\repos\TestBusiness\AngularApp\dist\out-tsc\src\app\app.component.spec.js
C:\Users\smistir\source\repos\TestBusiness\AngularApp\dist\out-tsc\src\app\app.component.spec.js.map
C:\Users\smistir\source\repos\TestBusiness\AngularApp\dist\out-tsc\src\app\test-item.service.spec.js
C:\Users\smistir\source\repos\TestBusiness\AngularApp\dist\out-tsc\src\app\test-item.service.spec.js.map
C:\Users\smistir\source\repos\TestBusiness\AngularApp\dist\out-tsc\src\environments\environment.prod.js
C:\Users\smistir\source\repos\TestBusiness\AngularApp\dist\out-tsc\src\environments\environment.prod.js.map
